<?xml version="1.0" encoding="UTF-8"?>
<testng-results skipped="0" failed="0" ignored="0" total="1" passed="1">
  <reporter-output>
  </reporter-output>
  <suite name="Default suite" duration-ms="40822" started-at="2019-04-19T13:16:17Z" finished-at="2019-04-19T13:16:58Z">
    <groups>
    </groups>
    <test name="Default test" duration-ms="40822" started-at="2019-04-19T13:16:17Z" finished-at="2019-04-19T13:16:58Z">
      <class name="Academy.validateNavigationBar">
        <test-method status="PASS" signature="initialize()[pri:0, instance:Academy.validateNavigationBar@776b83cc]" name="initialize" is-config="true" duration-ms="39137" started-at="2019-04-19T13:16:17Z" finished-at="2019-04-19T13:16:56Z">
          <reporter-output>
          </reporter-output>
        </test-method> <!-- initialize -->
        <test-method status="PASS" signature="validateAppNavBar()[pri:0, instance:Academy.validateNavigationBar@776b83cc]" name="validateAppNavBar" duration-ms="635" started-at="2019-04-19T13:16:56Z" finished-at="2019-04-19T13:16:57Z">
          <reporter-output>
          </reporter-output>
        </test-method> <!-- validateAppNavBar -->
        <test-method status="PASS" signature="teardown()[pri:0, instance:Academy.validateNavigationBar@776b83cc]" name="teardown" is-config="true" duration-ms="1016" started-at="2019-04-19T13:16:57Z" finished-at="2019-04-19T13:16:58Z">
          <reporter-output>
          </reporter-output>
        </test-method> <!-- teardown -->
      </class> <!-- Academy.validateNavigationBar -->
    </test> <!-- Default test -->
  </suite> <!-- Default suite -->
</testng-results>
